#
# There is insufficient memory for the Java Runtime Environment to continue.
# Native memory allocation (mmap) failed to map 266338304 bytes for G1 virtual space
# Possible reasons:
#   The system is out of physical RAM or swap space
#   The process is running with CompressedOops enabled, and the Java Heap may be blocking the growth of the native heap
# Possible solutions:
#   Reduce memory load on the system
#   Increase physical memory or swap space
#   Check if swap backing store is full
#   Decrease Java heap size (-Xmx/-Xms)
#   Decrease number of Java threads
#   Decrease Java thread stack sizes (-Xss)
#   Set larger code cache with -XX:ReservedCodeCacheSize=
#   JVM is running with Zero Based Compressed Oops mode in which the Java heap is
#     placed in the first 32GB address space. The Java Heap base address is the
#     maximum limit for the native heap growth. Please use -XX:HeapBaseMinAddress
#     to set the Java Heap base and to place the Java Heap above 32GB virtual address.
# This output file may be truncated or incomplete.
#
#  Out of Memory Error (os_windows.cpp:3600), pid=23348, tid=3888
#
# JRE version:  (21.0.2+13) (build )
# Java VM: OpenJDK 64-Bit Server VM (21.0.2+13-58, mixed mode, sharing, tiered, compressed oops, compressed class ptrs, g1 gc, windows-amd64)
# No core dump will be written. Minidumps are not enabled by default on client versions of Windows
#

---------------  S U M M A R Y ------------

Command Line: -javaagent:C:\Program Files\JetBrains\IntelliJ IDEA 2024.1.1\lib\idea_rt.jar=55182:C:\Program Files\JetBrains\IntelliJ IDEA 2024.1.1\bin -Dfile.encoding=UTF-8 -Dsun.stdout.encoding=UTF-8 -Dsun.stderr.encoding=UTF-8 --module-path=C:\Users\ahmed\.m2\repository\org\openjfx\javafx-controls\21\javafx-controls-21-win.jar;C:\Users\ahmed\IdeaProjects\FinallProject\target\classes;C:\Users\ahmed\.m2\repository\org\openjfx\javafx-fxml\21\javafx-fxml-21-win.jar;C:\Users\ahmed\.m2\repository\org\openjfx\javafx-base\21\javafx-base-21-win.jar;C:\Users\ahmed\OneDrive\Desktop\Sophomore 2\oop\project\mysql-connector-j-8.4.0\mysql-connector-j-8.4.0.jar;C:\Users\ahmed\.m2\repository\org\openjfx\javafx-graphics\21\javafx-graphics-21-win.jar -Djdk.module.main=com.example.finallproject com.example.finallproject/com.example.finallproject.Main

Host: Intel(R) Core(TM) i7-10870H CPU @ 2.20GHz, 16 cores, 15G,  Windows 11 , 64 bit Build 22621 (10.0.22621.3374)
Time: Wed May 15 02:20:32 2024 Egypt Daylight Time elapsed time: 0.063052 seconds (0d 0h 0m 0s)

---------------  T H R E A D  ---------------

Current thread (0x000001d344f64020):  JavaThread "Unknown thread" [_thread_in_vm, id=3888, stack(0x0000001386300000,0x0000001386400000) (1024K)]

Stack: [0x0000001386300000,0x0000001386400000]
Native frames: (J=compiled Java code, j=interpreted, Vv=VM code, C=native code)
V  [jvm.dll+0x6cade9]
V  [jvm.dll+0x8569c1]
V  [jvm.dll+0x858d2e]
V  [jvm.dll+0x859413]
V  [jvm.dll+0x280e56]
V  [jvm.dll+0x6c74d5]
V  [jvm.dll+0x6bbeca]
V  [jvm.dll+0x355bca]
V  [jvm.dll+0x35d816]
V  [jvm.dll+0x3ae67e]
V  [jvm.dll+0x3ae928]
V  [jvm.dll+0x3295dc]
V  [jvm.dll+0x32a16b]
V  [jvm.dll+0x81efa9]
V  [jvm.dll+0x3bba01]
V  [jvm.dll+0x807928]
V  [jvm.dll+0x44f50e]
V  [jvm.dll+0x450e11]
C  [jli.dll+0x52a3]
C  [ucrtbase.dll+0x29333]
C  [KERNEL32.DLL+0x1257d]
C  [ntdll.dll+0x5aa48]


---------------  P R O C E S S  ---------------

Threads class SMR info:
_java_thread_list=0x00007ff999f0bb88, length=0, elements={
}

Java Threads: ( => current thread )
Total: 0

Other Threads:
  0x000001d345210e90 WorkerThread "GC Thread#0"                     [id=24004, stack(0x0000001386400000,0x0000001386500000) (1024K)]
  0x000001d345221ca0 ConcurrentGCThread "G1 Main Marker"            [id=15492, stack(0x0000001386500000,0x0000001386600000) (1024K)]
  0x000001d3452227a0 WorkerThread "G1 Conc#0"                       [id=2088, stack(0x0000001386600000,0x0000001386700000) (1024K)]

[error occurred during error reporting (printing all threads), id 0xc0000005, EXCEPTION_ACCESS_VIOLATION (0xc0000005) at pc=0x00007ff99967c6a7]
VM state: not at safepoint (not fully initialized)

VM Mutex/Monitor currently owned by a thread:  ([mutex/lock_event])
[0x00007ff999f7ce68] Heap_lock - owner thread: 0x000001d344f64020

Heap address: 0x0000000703800000, size: 4040 MB, Compressed Oops mode: Zero based, Oop shift amount: 3

CDS archive(s) mapped at: [0x0000000000000000-0x0000000000000000-0x0000000000000000), size 0, SharedBaseAddress: 0x0000000800000000, ArchiveRelocationMode: 1.
Narrow klass base: 0x0000000000000000, Narrow klass shift: 0, Narrow klass range: 0x0

GC Precious Log:
 CardTable entry size: 512
 Card Set container configuration: InlinePtr #cards 4 size 8 Array Of Cards #cards 16 size 48 Howl #buckets 8 coarsen threshold 3686 Howl Bitmap #cards 512 size 80 coarsen threshold 460 Card regions per heap region 1 cards per card region 4096

Heap:
 garbage-first heap   total 0K, used 0K [0x0000000703800000, 0x0000000800000000)
  region size 2048K, 0 young (0K), 0 survivors (0K)

[error occurred during error reporting (printing heap information), id 0xc0000005, EXCEPTION_ACCESS_VIOLATION (0xc0000005) at pc=0x00007ff999a639f9]
GC Heap History (0 events):
No events

Dll operation events (1 events):
Event: 0.050 Loaded shared library C:\Users\ahmed\.jdks\openjdk-21.0.2\bin\java.dll

Deoptimization events (0 events):
No events

Classes loaded (0 events):
No events

Classes unloaded (0 events):
No events

Classes redefined (0 events):
No events

Internal exceptions (0 events):
No events

ZGC Phase Switch (0 events):
No events

VM Operations (0 events):
No events

Events (0 events):
No events


Dynamic libraries:
0x00007ff743340000 - 0x00007ff74334e000 	C:\Users\ahmed\.jdks\openjdk-21.0.2\bin\java.exe
0x00007ffa2efb0000 - 0x00007ffa2f1c6000 	C:\WINDOWS\SYSTEM32\ntdll.dll
0x00007ffa2dcd0000 - 0x00007ffa2dd94000 	C:\WINDOWS\System32\KERNEL32.DLL
0x00007ffa2c5d0000 - 0x00007ffa2c977000 	C:\WINDOWS\System32\KERNELBASE.dll
0x00007ffa2c440000 - 0x00007ffa2c551000 	C:\WINDOWS\System32\ucrtbase.dll
0x00007ffa16ac0000 - 0x00007ffa16ad8000 	C:\Users\ahmed\.jdks\openjdk-21.0.2\bin\jli.dll
0x00007ffa169e0000 - 0x00007ffa169fb000 	C:\Users\ahmed\.jdks\openjdk-21.0.2\bin\VCRUNTIME140.dll
0x00007ffa2ce00000 - 0x00007ffa2cfae000 	C:\WINDOWS\System32\USER32.dll
0x00007ffa0e0c0000 - 0x00007ffa0e353000 	C:\WINDOWS\WinSxS\amd64_microsoft.windows.common-controls_6595b64144ccf1df_6.0.22621.3235_none_270f74e173860f98\COMCTL32.dll
0x00007ffa2cad0000 - 0x00007ffa2caf6000 	C:\WINDOWS\System32\win32u.dll
0x00007ffa2ef40000 - 0x00007ffa2ef69000 	C:\WINDOWS\System32\GDI32.dll
0x00007ffa2d040000 - 0x00007ffa2d0e7000 	C:\WINDOWS\System32\msvcrt.dll
0x00007ffa2cbc0000 - 0x00007ffa2ccd9000 	C:\WINDOWS\System32\gdi32full.dll
0x00007ffa2ca30000 - 0x00007ffa2caca000 	C:\WINDOWS\System32\msvcp_win.dll
0x00007ffa2e500000 - 0x00007ffa2e531000 	C:\WINDOWS\System32\IMM32.DLL
0x00007ffa20990000 - 0x00007ffa2099c000 	C:\Users\ahmed\.jdks\openjdk-21.0.2\bin\vcruntime140_1.dll
0x00007ff9ff030000 - 0x00007ff9ff0be000 	C:\Users\ahmed\.jdks\openjdk-21.0.2\bin\msvcp140.dll
0x00007ff999340000 - 0x00007ff99a057000 	C:\Users\ahmed\.jdks\openjdk-21.0.2\bin\server\jvm.dll
0x00007ffa2e370000 - 0x00007ffa2e422000 	C:\WINDOWS\System32\ADVAPI32.dll
0x00007ffa2e2b0000 - 0x00007ffa2e358000 	C:\WINDOWS\System32\sechost.dll
0x00007ffa2c980000 - 0x00007ffa2c9a8000 	C:\WINDOWS\System32\bcrypt.dll
0x00007ffa2e540000 - 0x00007ffa2e655000 	C:\WINDOWS\System32\RPCRT4.dll
0x00007ffa2dc40000 - 0x00007ffa2dcb1000 	C:\WINDOWS\System32\WS2_32.dll
0x00007ffa2b130000 - 0x00007ffa2b17d000 	C:\WINDOWS\SYSTEM32\POWRPROF.dll
0x00007ffa203a0000 - 0x00007ffa203aa000 	C:\WINDOWS\SYSTEM32\VERSION.dll
0x00007ffa215c0000 - 0x00007ffa215f4000 	C:\WINDOWS\SYSTEM32\WINMM.dll
0x00007ffa2b110000 - 0x00007ffa2b123000 	C:\WINDOWS\SYSTEM32\UMPDC.dll
0x00007ffa2b3c0000 - 0x00007ffa2b3d8000 	C:\WINDOWS\SYSTEM32\kernel.appcore.dll
0x00007ffa20110000 - 0x00007ffa2011a000 	C:\Users\ahmed\.jdks\openjdk-21.0.2\bin\jimage.dll
0x00007ffa29920000 - 0x00007ffa29b53000 	C:\WINDOWS\SYSTEM32\DBGHELP.DLL
0x00007ffa2d620000 - 0x00007ffa2d9a8000 	C:\WINDOWS\System32\combase.dll
0x00007ffa2d9b0000 - 0x00007ffa2da87000 	C:\WINDOWS\System32\OLEAUT32.dll
0x00007ffa1fdb0000 - 0x00007ffa1fde2000 	C:\WINDOWS\SYSTEM32\dbgcore.DLL
0x00007ffa2c9b0000 - 0x00007ffa2ca29000 	C:\WINDOWS\System32\bcryptPrimitives.dll
0x00007ffa16970000 - 0x00007ffa1697f000 	C:\Users\ahmed\.jdks\openjdk-21.0.2\bin\instrument.dll
0x00007ffa169a0000 - 0x00007ffa169bf000 	C:\Users\ahmed\.jdks\openjdk-21.0.2\bin\java.dll

dbghelp: loaded successfully - version: 4.0.5 - missing functions: none
symbol engine: initialized successfully - sym options: 0x614 - pdb path: .;C:\Users\ahmed\.jdks\openjdk-21.0.2\bin;C:\WINDOWS\SYSTEM32;C:\WINDOWS\WinSxS\amd64_microsoft.windows.common-controls_6595b64144ccf1df_6.0.22621.3235_none_270f74e173860f98;C:\Users\ahmed\.jdks\openjdk-21.0.2\bin\server

VM Arguments:
jvm_args: -javaagent:C:\Program Files\JetBrains\IntelliJ IDEA 2024.1.1\lib\idea_rt.jar=55182:C:\Program Files\JetBrains\IntelliJ IDEA 2024.1.1\bin -Dfile.encoding=UTF-8 -Dsun.stdout.encoding=UTF-8 -Dsun.stderr.encoding=UTF-8 --module-path=C:\Users\ahmed\.m2\repository\org\openjfx\javafx-controls\21\javafx-controls-21-win.jar;C:\Users\ahmed\IdeaProjects\FinallProject\target\classes;C:\Users\ahmed\.m2\repository\org\openjfx\javafx-fxml\21\javafx-fxml-21-win.jar;C:\Users\ahmed\.m2\repository\org\openjfx\javafx-base\21\javafx-base-21-win.jar;C:\Users\ahmed\OneDrive\Desktop\Sophomore 2\oop\project\mysql-connector-j-8.4.0\mysql-connector-j-8.4.0.jar;C:\Users\ahmed\.m2\repository\org\openjfx\javafx-graphics\21\javafx-graphics-21-win.jar -Djdk.module.main=com.example.finallproject 
java_command: com.example.finallproject/com.example.finallproject.Main
java_class_path (initial): C:\Users\ahmed\.m2\repository\org\openjfx\javafx-controls\21\javafx-controls-21.jar;C:\Users\ahmed\.m2\repository\org\openjfx\javafx-graphics\21\javafx-graphics-21.jar;C:\Users\ahmed\.m2\repository\org\openjfx\javafx-base\21\javafx-base-21.jar;C:\Users\ahmed\.m2\repository\org\openjfx\javafx-fxml\21\javafx-fxml-21.jar
Launcher Type: SUN_STANDARD

[Global flags]
     intx CICompilerCount                          = 12                                        {product} {ergonomic}
     uint ConcGCThreads                            = 3                                         {product} {ergonomic}
     uint G1ConcRefinementThreads                  = 13                                        {product} {ergonomic}
   size_t G1HeapRegionSize                         = 2097152                                   {product} {ergonomic}
    uintx GCDrainStackTargetSize                   = 64                                        {product} {ergonomic}
   size_t InitialHeapSize                          = 266338304                                 {product} {ergonomic}
   size_t MarkStackSize                            = 4194304                                   {product} {ergonomic}
   size_t MaxHeapSize                              = 4236247040                                {product} {ergonomic}
   size_t MinHeapDeltaBytes                        = 2097152                                   {product} {ergonomic}
   size_t MinHeapSize                              = 8388608                                   {product} {ergonomic}
    uintx NonNMethodCodeHeapSize                   = 7602480                                {pd product} {ergonomic}
    uintx NonProfiledCodeHeapSize                  = 122027880                              {pd product} {ergonomic}
    uintx ProfiledCodeHeapSize                     = 122027880                              {pd product} {ergonomic}
    uintx ReservedCodeCacheSize                    = 251658240                              {pd product} {ergonomic}
     bool SegmentedCodeCache                       = true                                      {product} {ergonomic}
   size_t SoftMaxHeapSize                          = 4236247040                             {manageable} {ergonomic}
     bool UseCompressedOops                        = true                           {product lp64_product} {ergonomic}
     bool UseG1GC                                  = true                                      {product} {ergonomic}
     bool UseLargePagesIndividualAllocation        = false                                  {pd product} {ergonomic}

Logging:
Log output configuration:
 #0: stdout all=warning uptime,level,tags foldmultilines=false
 #1: stderr all=off uptime,level,tags foldmultilines=false

Environment Variables:
PATH=C:\Program Files (x86)\Common Files\Oracle\Java\javapath;C:\WINDOWS\system32;C:\WINDOWS;C:\WINDOWS\System32\Wbem;C:\WINDOWS\System32\WindowsPowerShell\v1.0\;C:\WINDOWS\System32\OpenSSH\;C:\Program Files\Common Files\Autodesk Shared\;C:\WINDOWS\system32;C:\WINDOWS;C:\WINDOWS\System32\Wbem;C:\WINDOWS\System32\WindowsPowerShell\v1.0\;C:\WINDOWS\System32\OpenSSH\;C:\Program Files (x86)\Windows Kits\10\Windows Performance Toolkit\;C:\Users\ahmed\AppData\Local\Microsoft\WindowsApps;C:\Program Files\JetBrains\IntelliJ IDEA Community Edition 2023.3.3\bin;;C:\Users\ahmed\AppData\Local\GitHubDesktop\bin
USERNAME=ahmed
OS=Windows_NT
PROCESSOR_IDENTIFIER=Intel64 Family 6 Model 165 Stepping 2, GenuineIntel
TMP=C:\Users\ahmed\AppData\Local\Temp
TEMP=C:\Users\ahmed\AppData\Local\Temp




Periodic native trim disabled

---------------  S Y S T E M  ---------------

OS:
 Windows 11 , 64 bit Build 22621 (10.0.22621.3374)
OS uptime: 9 days 0:26 hours
Hyper-V role detected

CPU: total 16 (initial active 16) (8 cores per cpu, 2 threads per core) family 6 model 165 stepping 2 microcode 0xf8, cx8, cmov, fxsr, ht, mmx, 3dnowpref, sse, sse2, sse3, ssse3, sse4.1, sse4.2, popcnt, lzcnt, tsc, tscinvbit, avx, avx2, aes, erms, clmul, bmi1, bmi2, adx, fma, vzeroupper, clflush, clflushopt, hv, rdtscp, f16c
Processor Information for all 16 processors :
  Max Mhz: 2208, Current Mhz: 2208, Mhz Limit: 2208

Memory: 4k page, system-wide physical 16158M (2647M free)
TotalPageFile size 21500M (AvailPageFile size 200M)
current process WorkingSet (physical memory assigned to process): 11M, peak: 11M
current process commit charge ("private bytes"): 71M, peak: 325M

vm_info: OpenJDK 64-Bit Server VM (21.0.2+13-58) for windows-amd64 JRE (21.0.2+13-58), built on 2024-01-05T18:32:24Z by "mach5one" with MS VC++ 17.1 (VS2022)

END.
